<?xml version="1.0" encoding="UTF-8"?>
<testsuite name="com.example.messagingrabbitmq.MessagingRabbitmqApplicationTests" tests="1" skipped="0" failures="0" errors="0" timestamp="2024-05-11T03:46:33" hostname="aaybar-Aspire-A315-59" time="0.545">
  <properties/>
  <testcase name="contextLoads()" classname="com.example.messagingrabbitmq.MessagingRabbitmqApplicationTests" time="0.545"/>
  <system-out><![CDATA[21:46:32.584 [Test worker] INFO org.springframework.test.context.support.AnnotationConfigContextLoaderUtils -- Could not detect default configuration classes for test class [com.example.messagingrabbitmq.MessagingRabbitmqApplicationTests]: MessagingRabbitmqApplicationTests does not declare any static, non-private, non-final, nested classes annotated with @Configuration.
21:46:32.628 [Test worker] INFO org.springframework.boot.test.context.SpringBootTestContextBootstrapper -- Found @SpringBootConfiguration com.example.messagingrabbitmq.MessagingRabbitmqApplication for test class com.example.messagingrabbitmq.MessagingRabbitmqApplicationTests

  .   ____          _            __ _ _
 /\\ / ___'_ __ _ _(_)_ __  __ _ \ \ \ \
( ( )\___ | '_ | '_| | '_ \/ _` | \ \ \ \
 \\/  ___)| |_)| | | | | || (_| |  ) ) ) )
  '  |____| .__|_| |_|_| |_\__, | / / / /
 =========|_|==============|___/=/_/_/_/
 :: Spring Boot ::               (v3.1.11)

2024-05-10T21:46:32.808-06:00  INFO 119622 --- [    Test worker] c.e.m.MessagingRabbitmqApplicationTests  : Starting MessagingRabbitmqApplicationTests using Java 21.0.3 with PID 119622 (started by aaybar in /home/aaybar/Documents/javaProjects/rabbitmq_kafka_proj)
2024-05-10T21:46:32.809-06:00  INFO 119622 --- [    Test worker] c.e.m.MessagingRabbitmqApplicationTests  : No active profile set, falling back to 1 default profile: "default"
2024-05-10T21:46:33.242-06:00  INFO 119622 --- [    Test worker] c.e.m.MessagingRabbitmqApplicationTests  : Started MessagingRabbitmqApplicationTests in 0.551 seconds (process running for 1.053)
]]></system-out>
  <system-err><![CDATA[WARNING: A Java agent has been loaded dynamically (/home/aaybar/.gradle/caches/modules-2/files-2.1/net.bytebuddy/byte-buddy-agent/1.14.13/979ce25f7d3096a2e82214ba7dc972a05ce7a171/byte-buddy-agent-1.14.13.jar)
WARNING: If a serviceability tool is in use, please run with -XX:+EnableDynamicAgentLoading to hide this warning
WARNING: If a serviceability tool is not in use, please run with -Djdk.instrument.traceUsage for more information
WARNING: Dynamic loading of agents will be disallowed by default in a future release
]]></system-err>
</testsuite>
